Arguments: 
  /usr/bin/node /usr/share/yarn/bin/yarn.js add bootstrap react-bootstrap react-router-dom reactrouter-bootstrap redux react-redux redux-thunk axios numeral

PATH: 
  /home/linuxbrew/.linuxbrew/bin:/home/linuxbrew/.linuxbrew/sbin:/usr/local/bin:/usr/bin:/bin:/usr/local/games:/usr/games:/sbin:/usr/sbin

Yarn version: 
  1.22.4

Node version: 
  12.14.1

Platform: 
  linux x64

Trace: 
  TypeError [ERR_UNESCAPED_CHARACTERS]: Request path contains unescaped characters
      at new ClientRequest (_http_client.js:139:13)
      at Object.request (https.js:309:10)
      at Request.module.exports.Request.start (/usr/share/yarn/lib/cli.js:141310:32)
      at Request.module.exports.Request.end (/usr/share/yarn/lib/cli.js:142069:10)
      at end (/usr/share/yarn/lib/cli.js:141123:14)
      at Immediate._onImmediate (/usr/share/yarn/lib/cli.js:141137:7)
      at processImmediate (internal/timers.js:439:21)

npm manifest: 
  No manifest

yarn manifest: 
  No manifest

Lockfile: 
  # THIS IS AN AUTOGENERATED FILE. DO NOT EDIT THIS FILE DIRECTLY.
  # yarn lockfile v1
